# JRE version: OpenJDK Runtime Environment (8.0_76-b03) (build 1.8.0_76-release-b03)
# Java VM: OpenJDK 64-Bit Server VM (25.76-b03 mixed mode windows-amd64 compressed oops)
Heap:
 PSYoungGen      total 457728K, used 357173K [0x00000000e0000000, 0x0000000100000000, 0x0000000100000000)
  eden space 407552K, 75% used [0x00000000e0000000,0x00000000f2bd3f38,0x00000000f8e00000)
  from space 50176K, 99% used [0x00000000fcf00000,0x00000000ffff9790,0x0000000100000000)
  to   space 58368K, 0% used [0x00000000f8e00000,0x00000000f8e00000,0x00000000fc700000)
 ParOldGen       total 209408K, used 157063K [0x00000000a0000000, 0x00000000acc80000, 0x00000000e0000000)
  object space 209408K, 75% used [0x00000000a0000000,0x00000000a9961f28,0x00000000acc80000)
 Metaspace       used 72545K, capacity 78042K, committed 78232K, reserved 1118208K
  class space    used 9422K, capacity 10328K, committed 10416K, reserved 1048576K
GC Heap History (10 events):
Event: 46.941 GC heap before
{Heap before GC invocations=18 (full 4):
 PSYoungGen      total 334336K, used 301568K [0x00000000e0000000, 0x00000000fbe80000, 0x0000000100000000)
  eden space 301568K, 100% used [0x00000000e0000000,0x00000000f2680000,0x00000000f2680000)
  from space 32768K, 0% used [0x00000000f2680000,0x00000000f2680000,0x00000000f4680000)
  to   space 31232K, 0% used [0x00000000fa000000,0x00000000fa000000,0x00000000fbe80000)
 ParOldGen       total 209408K, used 94340K [0x00000000a0000000, 0x00000000acc80000, 0x00000000e0000000)
  object space 209408K, 45% used [0x00000000a0000000,0x00000000a5c21200,0x00000000acc80000)
 Metaspace       used 58058K, capacity 62596K, committed 62744K, reserved 1103872K
  class space    used 7746K, capacity 8477K, committed 8496K, reserved 1048576K
Event: 46.994 GC heap after
Heap after GC invocations=18 (full 4):
 PSYoungGen      total 412160K, used 27861K [0x00000000e0000000, 0x00000000fbb80000, 0x0000000100000000)
  eden space 384000K, 0% used [0x00000000e0000000,0x00000000e0000000,0x00000000f7700000)
  from space 28160K, 98% used [0x00000000fa000000,0x00000000fbb35558,0x00000000fbb80000)
  to   space 34304K, 0% used [0x00000000f7880000,0x00000000f7880000,0x00000000f9a00000)
 ParOldGen       total 209408K, used 94348K [0x00000000a0000000, 0x00000000acc80000, 0x00000000e0000000)
  object space 209408K, 45% used [0x00000000a0000000,0x00000000a5c23200,0x00000000acc80000)
 Metaspace       used 58058K, capacity 62596K, committed 62744K, reserved 1103872K
  class space    used 7746K, capacity 8477K, committed 8496K, reserved 1048576K
}
Event: 55.576 GC heap before
{Heap before GC invocations=19 (full 4):
 PSYoungGen      total 412160K, used 411861K [0x00000000e0000000, 0x00000000fbb80000, 0x0000000100000000)
  eden space 384000K, 100% used [0x00000000e0000000,0x00000000f7700000,0x00000000f7700000)
  from space 28160K, 98% used [0x00000000fa000000,0x00000000fbb35558,0x00000000fbb80000)
  to   space 34304K, 0% used [0x00000000f7880000,0x00000000f7880000,0x00000000f9a00000)
 ParOldGen       total 209408K, used 94348K [0x00000000a0000000, 0x00000000acc80000, 0x00000000e0000000)
  object space 209408K, 45% used [0x00000000a0000000,0x00000000a5c23200,0x00000000acc80000)
 Metaspace       used 60807K, capacity 65566K, committed 65688K, reserved 1105920K
  class space    used 8067K, capacity 8854K, committed 8880K, reserved 1048576K
Event: 55.663 GC heap after
Heap after GC invocations=19 (full 4):
 PSYoungGen      total 419840K, used 34304K [0x00000000e0000000, 0x0000000100000000, 0x0000000100000000)
  eden space 385536K, 0% used [0x00000000e0000000,0x00000000e0000000,0x00000000f7880000)
  from space 34304K, 100% used [0x00000000f7880000,0x00000000f9a00000,0x00000000f9a00000)
  to   space 50688K, 0% used [0x00000000fce80000,0x00000000fce80000,0x0000000100000000)
 ParOldGen       total 209408K, used 124406K [0x00000000a0000000, 0x00000000acc80000, 0x00000000e0000000)
  object space 209408K, 59% used [0x00000000a0000000,0x00000000a797db08,0x00000000acc80000)
 Metaspace       used 60807K, capacity 65566K, committed 65688K, reserved 1105920K
  class space    used 8067K, capacity 8854K, committed 8880K, reserved 1048576K
}
Event: 58.343 GC heap before
{Heap before GC invocations=20 (full 4):
 PSYoungGen      total 419840K, used 419840K [0x00000000e0000000, 0x0000000100000000, 0x0000000100000000)
  eden space 385536K, 100% used [0x00000000e0000000,0x00000000f7880000,0x00000000f7880000)
  from space 34304K, 100% used [0x00000000f7880000,0x00000000f9a00000,0x00000000f9a00000)
  to   space 50688K, 0% used [0x00000000fce80000,0x00000000fce80000,0x0000000100000000)
 ParOldGen       total 209408K, used 124406K [0x00000000a0000000, 0x00000000acc80000, 0x00000000e0000000)
  object space 209408K, 59% used [0x00000000a0000000,0x00000000a797db08,0x00000000acc80000)
 Metaspace       used 61093K, capacity 66098K, committed 66328K, reserved 1105920K
  class space    used 8093K, capacity 8900K, committed 9008K, reserved 1048576K
Event: 58.400 GC heap after
Heap after GC invocations=20 (full 4):
 PSYoungGen      total 476160K, used 17824K [0x00000000e0000000, 0x0000000100000000, 0x0000000100000000)
  eden space 425472K, 0% used [0x00000000e0000000,0x00000000e0000000,0x00000000f9f80000)
  from space 50688K, 35% used [0x00000000fce80000,0x00000000fdfe8080,0x0000000100000000)
  to   space 48128K, 0% used [0x00000000f9f80000,0x00000000f9f80000,0x00000000fce80000)
 ParOldGen       total 209408K, used 155643K [0x00000000a0000000, 0x00000000acc80000, 0x00000000e0000000)
  object space 209408K, 74% used [0x00000000a0000000,0x00000000a97fec50,0x00000000acc80000)
 Metaspace       used 61093K, capacity 66098K, committed 66328K, reserved 1105920K
  class space    used 8093K, capacity 8900K, committed 9008K, reserved 1048576K
}
Event: 186.905 GC heap before
{Heap before GC invocations=21 (full 4):
 PSYoungGen      total 476160K, used 443296K [0x00000000e0000000, 0x0000000100000000, 0x0000000100000000)
  eden space 425472K, 100% used [0x00000000e0000000,0x00000000f9f80000,0x00000000f9f80000)
  from space 50688K, 35% used [0x00000000fce80000,0x00000000fdfe8080,0x0000000100000000)
  to   space 48128K, 0% used [0x00000000f9f80000,0x00000000f9f80000,0x00000000fce80000)
 ParOldGen       total 209408K, used 155643K [0x00000000a0000000, 0x00000000acc80000, 0x00000000e0000000)
  object space 209408K, 74% used [0x00000000a0000000,0x00000000a97fec50,0x00000000acc80000)
 Metaspace       used 61311K, capacity 66410K, committed 66584K, reserved 1107968K
  class space    used 8116K, capacity 8924K, committed 9008K, reserved 1048576K
Event: 186.952 GC heap after
Heap after GC invocations=21 (full 4):
 PSYoungGen      total 473600K, used 33376K [0x00000000e0000000, 0x0000000100000000, 0x0000000100000000)
  eden space 425472K, 0% used [0x00000000e0000000,0x00000000e0000000,0x00000000f9f80000)
  from space 48128K, 69% used [0x00000000f9f80000,0x00000000fc018080,0x00000000fce80000)
  to   space 50176K, 0% used [0x00000000fcf00000,0x00000000fcf00000,0x0000000100000000)
 ParOldGen       total 209408K, used 155651K [0x00000000a0000000, 0x00000000acc80000, 0x00000000e0000000)
  object space 209408K, 74% used [0x00000000a0000000,0x00000000a9800c50,0x00000000acc80000)
 Metaspace       used 61311K, capacity 66410K, committed 66584K, reserved 1107968K
  class space    used 8116K, capacity 8924K, committed 9008K, reserved 1048576K
}
Event: 197.382 GC heap before
{Heap before GC invocations=22 (full 4):
 PSYoungGen      total 473600K, used 458141K [0x00000000e0000000, 0x0000000100000000, 0x0000000100000000)
  eden space 425472K, 99% used [0x00000000e0000000,0x00000000f9ecf5f0,0x00000000f9f80000)
  from space 48128K, 69% used [0x00000000f9f80000,0x00000000fc018080,0x00000000fce80000)
  to   space 50176K, 0% used [0x00000000fcf00000,0x00000000fcf00000,0x0000000100000000)
 ParOldGen       total 209408K, used 155651K [0x00000000a0000000, 0x00000000acc80000, 0x00000000e0000000)
  object space 209408K, 74% used [0x00000000a0000000,0x00000000a9800c50,0x00000000acc80000)
 Metaspace       used 69251K, capacity 74486K, committed 74776K, reserved 1114112K
  class space    used 9045K, capacity 9906K, committed 10032K, reserved 1048576K
Event: 197.422 GC heap after
Heap after GC invocations=22 (full 4):
 PSYoungGen      total 457728K, used 50149K [0x00000000e0000000, 0x0000000100000000, 0x0000000100000000)
  eden space 407552K, 0% used [0x00000000e0000000,0x00000000e0000000,0x00000000f8e00000)
  from space 50176K, 99% used [0x00000000fcf00000,0x00000000ffff9790,0x0000000100000000)
  to   space 58368K, 0% used [0x00000000f8e00000,0x00000000f8e00000,0x00000000fc700000)
 ParOldGen       total 209408K, used 157063K [0x00000000a0000000, 0x00000000acc80000, 0x00000000e0000000)
  object space 209408K, 75% used [0x00000000a0000000,0x00000000a9961f28,0x00000000acc80000)
 Metaspace       used 69251K, capacity 74486K, committed 74776K, reserved 1114112K
  class space    used 9045K, capacity 9906K, committed 10032K, reserved 1048576K
}

